This is pdfTeX, Version 3.141592653-2.6-1.40.24 (MiKTeX 22.3) (preloaded format=pdflatex 2022.3.23)  4 APR 2022 10:50
entering extended mode
 restricted \write18 enabled.
 %&-line parsing enabled.
**./CN.tex
(CN.tex
LaTeX2e <2021-11-15> patch level 1
L3 programming layer <2022-02-24> (C:\Miktex\tex/latex/base\article.cls
Document Class: article 2021/10/04 v1.4n Standard LaTeX document class
(C:\Miktex\tex/latex/base\size12.clo
File: size12.clo 2021/10/04 v1.4n Standard LaTeX file (size option)
)
\c@part=\count185
\c@section=\count186
\c@subsection=\count187
\c@subsubsection=\count188
\c@paragraph=\count189
\c@subparagraph=\count190
\c@figure=\count191
\c@table=\count192
\abovecaptionskip=\skip47
\belowcaptionskip=\skip48
\bibindent=\dimen138
) (C:\Miktex\tex/latex/base\fontenc.sty
Package: fontenc 2021/04/29 v2.0v Standard LaTeX package
)
(C:\Miktex\tex/latex/base\inputenc.sty
Package: inputenc 2021/02/14 v1.3d Input encoding file
\inpenc@prehook=\toks16
\inpenc@posthook=\toks17
) (C:\Miktex\tex/generic/babel\babel.sty
Package: babel 2022/02/26 3.73 The Babel package
\babel@savecnt=\count193
\U@D=\dimen139
\l@unhyphenated=\language79

(C:\Miktex\tex/generic/babel\txtbabel.def)
\bbl@readstream=\read2
\bbl@dirlevel=\count194

*************************************
* Local config file bblopts.cfg used
*
(C:\Miktex\tex/latex/arabi\bblopts.cfg
File: bblopts.cfg 2005/09/08 v0.1 add Arabic and Farsi to "declared" options of
 babel
)
(C:\Miktex\tex/latex/babel-italian\italian.ldf
Language: italian 2020/05/21 v.1.4.04 Italian support for the babel system
\it@lettering=\count195
\it@doublequoteactive=\count196
\it@ISOcompliance=\count197
))
(C:\Miktex\tex/latex/etoolbox\etoolbox.sty
Package: etoolbox 2020/10/05 v2.5k e-TeX tools for LaTeX (JAW)
\etb@tempcnta=\count198
) (C:\Miktex\tex/latex/url\url.sty
\Urlmuskip=\muskip16
Package: url 2013/09/16  ver 3.4  Verb mode for urls, etc.
)
(C:\Miktex\tex/latex/imakeidx\imakeidx.sty
Package: imakeidx 2016/10/15 v1.3e Package for typesetting indices in a synchro
nous mode

(C:\Miktex\tex/latex/xkeyval\xkeyval.sty
Package: xkeyval 2020/11/20 v2.8 package option processing (HA)

(C:\Miktex\tex/generic/xkeyval\xkeyval.tex
(C:\Miktex\tex/generic/xkeyval\xkvutils.tex
\XKV@toks=\toks18
\XKV@tempa@toks=\toks19

(C:\Miktex\tex/generic/xkeyval\keyval.tex))
\XKV@depth=\count199
File: xkeyval.tex 2014/12/03 v2.7a key=value parser (HA)
))
(C:\Miktex\tex/generic/iftex\ifxetex.sty
Package: ifxetex 2019/10/25 v0.7 ifxetex legacy package. Use iftex instead.
 (C:\Miktex\tex/generic/iftex\iftex.sty
Package: iftex 2022/02/03 v1.0f TeX engine tests
)) (C:\Miktex\tex/generic/iftex\ifluatex.sty
Package: ifluatex 2019/10/25 v1.5 ifluatex legacy package. Use iftex instead.
)
(C:\Miktex\tex/latex/tools\multicol.sty
Package: multicol 2021/10/28 v1.9b multicolumn formatting (FMi)
\c@tracingmulticols=\count266
\mult@box=\box50
\multicol@leftmargin=\dimen140
\c@unbalance=\count267
\c@collectmore=\count268
\doublecol@number=\count269
\multicoltolerance=\count270
\multicolpretolerance=\count271
\full@width=\dimen141
\page@free=\dimen142
\premulticols=\dimen143
\postmulticols=\dimen144
\multicolsep=\skip49
\multicolbaselineskip=\skip50
\partial@page=\box51
\last@line=\box52
\maxbalancingoverflow=\dimen145
\mult@rightbox=\box53
\mult@grightbox=\box54
\mult@firstbox=\box55
\mult@gfirstbox=\box56
\@tempa=\box57
\@tempa=\box58
\@tempa=\box59
\@tempa=\box60
\@tempa=\box61
\@tempa=\box62
\@tempa=\box63
\@tempa=\box64
\@tempa=\box65
\@tempa=\box66
\@tempa=\box67
\@tempa=\box68
\@tempa=\box69
\@tempa=\box70
\@tempa=\box71
\@tempa=\box72
\@tempa=\box73
\@tempa=\box74
\@tempa=\box75
\@tempa=\box76
\@tempa=\box77
\@tempa=\box78
\@tempa=\box79
\@tempa=\box80
\@tempa=\box81
\@tempa=\box82
\@tempa=\box83
\@tempa=\box84
\@tempa=\box85
\@tempa=\box86
\@tempa=\box87
\@tempa=\box88
\@tempa=\box89
\@tempa=\box90
\@tempa=\box91
\@tempa=\box92
\c@minrows=\count272
\c@columnbadness=\count273
\c@finalcolumnbadness=\count274
\last@try=\dimen146
\multicolovershoot=\dimen147
\multicolundershoot=\dimen148
\mult@nat@firstbox=\box93
\colbreak@box=\box94
\mc@col@check@num=\count275
))
(C:\Miktex\tex/latex/amsmath\amsmath.sty
Package: amsmath 2021/10/15 v2.17l AMS math features
\@mathmargin=\skip51

For additional information on amsmath, use the `?' option.
(C:\Miktex\tex/latex/amsmath\amstext.sty
Package: amstext 2021/08/26 v2.01 AMS text

(C:\Miktex\tex/latex/amsmath\amsgen.sty
File: amsgen.sty 1999/11/30 v2.0 generic functions
\@emptytoks=\toks20
\ex@=\dimen149
))
(C:\Miktex\tex/latex/amsmath\amsbsy.sty
Package: amsbsy 1999/11/29 v1.2d Bold Symbols
\pmbraise@=\dimen150
)
(C:\Miktex\tex/latex/amsmath\amsopn.sty
Package: amsopn 2021/08/26 v2.02 operator names
)
\inf@bad=\count276
LaTeX Info: Redefining \frac on input line 234.
\uproot@=\count277
\leftroot@=\count278
LaTeX Info: Redefining \overline on input line 399.
\classnum@=\count279
\DOTSCASE@=\count280
LaTeX Info: Redefining \ldots on input line 496.
LaTeX Info: Redefining \dots on input line 499.
LaTeX Info: Redefining \cdots on input line 620.
\Mathstrutbox@=\box95
\strutbox@=\box96
\big@size=\dimen151
LaTeX Font Info:    Redeclaring font encoding OML on input line 743.
LaTeX Font Info:    Redeclaring font encoding OMS on input line 744.
\macc@depth=\count281
\c@MaxMatrixCols=\count282
\dotsspace@=\muskip17
\c@parentequation=\count283
\dspbrk@lvl=\count284
\tag@help=\toks21
\row@=\count285
\column@=\count286
\maxfields@=\count287
\andhelp@=\toks22
\eqnshift@=\dimen152
\alignsep@=\dimen153
\tagshift@=\dimen154
\tagwidth@=\dimen155
\totwidth@=\dimen156
\lineht@=\dimen157
\@envbody=\toks23
\multlinegap=\skip52
\multlinetaggap=\skip53
\mathdisplay@stack=\toks24
LaTeX Info: Redefining \[ on input line 2938.
LaTeX Info: Redefining \] on input line 2939.
)
\CN@idxfile=\write3
\openout3 = `CN.idx'.


Writing index file CN.idx
(C:\Miktex\tex/latex/enumitem\enumitem.sty
Package: enumitem 2019/06/20 v3.9 Customized lists
\enitkv@toks@=\toks25
\labelindent=\skip54
\enit@outerparindent=\dimen158
\enit@toks=\toks26
\enit@inbox=\box97
\enit@count@id=\count288
\enitdp@description=\count289
)
(C:\Miktex\tex/latex/graphics\graphicx.sty
Package: graphicx 2021/09/16 v1.2d Enhanced LaTeX Graphics (DPC,SPQR)

(C:\Miktex\tex/latex/graphics\graphics.sty
Package: graphics 2021/03/04 v1.4d Standard LaTeX Graphics (DPC,SPQR)

(C:\Miktex\tex/latex/graphics\trig.sty
Package: trig 2021/08/11 v1.11 sin cos tan (DPC)
)
(C:\Miktex\tex/latex/graphics-cfg\graphics.cfg
File: graphics.cfg 2016/06/04 v1.11 sample graphics configuration
)
Package graphics Info: Driver file: pdftex.def on input line 107.

(C:\Miktex\tex/latex/graphics-def\pdftex.def
File: pdftex.def 2020/10/05 v1.2a Graphics/color driver for pdftex
))
\Gin@req@height=\dimen159
\Gin@req@width=\dimen160
)
(C:\Miktex\tex/latex/float\float.sty
Package: float 2001/11/08 v1.3d Float enhancements (AL)
\c@float@type=\count290
\float@exts=\toks27
\float@box=\box98
\@float@everytoks=\toks28
\@floatcapt=\box99
)
(C:\Miktex\tex/latex/listings\listings.sty
\lst@mode=\count291
\lst@gtempboxa=\box100
\lst@token=\toks29
\lst@length=\count292
\lst@currlwidth=\dimen161
\lst@column=\count293
\lst@pos=\count294
\lst@lostspace=\dimen162
\lst@width=\dimen163
\lst@newlines=\count295
\lst@lineno=\count296
\lst@maxwidth=\dimen164

(C:\Miktex\tex/latex/listings\lstmisc.sty
File: lstmisc.sty 2020/03/24 1.8d (Carsten Heinz)
\c@lstnumber=\count297
\lst@skipnumbers=\count298
\lst@framebox=\box101
)
(C:\Miktex\tex/latex/listings\listings.cfg
File: listings.cfg 2020/03/24 1.8d listings configuration
))
Package: listings 2020/03/24 1.8d (Carsten Heinz)

(C:\Miktex\tex/latex/xcolor\xcolor.sty
Package: xcolor 2021/10/31 v2.13 LaTeX color extensions (UK)

(C:\Miktex\tex/latex/graphics-cfg\color.cfg
File: color.cfg 2016/01/02 v1.6 sample color configuration
)
Package xcolor Info: Driver file: pdftex.def on input line 227.
Package xcolor Info: Model `cmy' substituted by `cmy0' on input line 1352.
Package xcolor Info: Model `hsb' substituted by `rgb' on input line 1356.
Package xcolor Info: Model `RGB' extended on input line 1368.
Package xcolor Info: Model `HTML' substituted by `rgb' on input line 1370.
Package xcolor Info: Model `Hsb' substituted by `hsb' on input line 1371.
Package xcolor Info: Model `tHsb' substituted by `hsb' on input line 1372.
Package xcolor Info: Model `HSB' substituted by `hsb' on input line 1373.
Package xcolor Info: Model `Gray' substituted by `gray' on input line 1374.
Package xcolor Info: Model `wave' substituted by `hsb' on input line 1375.
)
(C:\Miktex\tex/latex/l3backend\l3backend-pdftex.def
File: l3backend-pdftex.def 2022-02-07 L3 backend support: PDF output (pdfTeX)
\l__color_backend_stack_int=\count299
\l__pdf_internal_box=\box102
) (CN.aux)
\openout1 = `CN.aux'.

LaTeX Font Info:    Checking defaults for OML/cmm/m/it on input line 50.
LaTeX Font Info:    ... okay on input line 50.
LaTeX Font Info:    Checking defaults for OMS/cmsy/m/n on input line 50.
LaTeX Font Info:    ... okay on input line 50.
LaTeX Font Info:    Checking defaults for OT1/cmr/m/n on input line 50.
LaTeX Font Info:    ... okay on input line 50.
LaTeX Font Info:    Checking defaults for T1/cmr/m/n on input line 50.
LaTeX Font Info:    ... okay on input line 50.
LaTeX Font Info:    Checking defaults for TS1/cmr/m/n on input line 50.
LaTeX Font Info:    ... okay on input line 50.
LaTeX Font Info:    Checking defaults for OMX/cmex/m/n on input line 50.
LaTeX Font Info:    ... okay on input line 50.
LaTeX Font Info:    Checking defaults for U/cmr/m/n on input line 50.
LaTeX Font Info:    ... okay on input line 50.
LaTeX Info: Redefining \it@ocap on input line 50.
LaTeX Info: Redefining \it@ccap on input line 50.

(C:\Miktex\tex/context/base/mkii\supp-pdf.mkii
[Loading MPS to PDF converter (version 2006.09.02).]
\scratchcounter=\count300
\scratchdimen=\dimen165
\scratchbox=\box103
\nofMPsegments=\count301
\nofMParguments=\count302
\everyMPshowfont=\toks30
\MPscratchCnt=\count303
\MPscratchDim=\dimen166
\MPnumerator=\count304
\makeMPintoPDFobject=\count305
\everyMPtoPDFconversion=\toks31
) (C:\Miktex\tex/latex/epstopdf-pkg\epstopdf-base.sty
Package: epstopdf-base 2020-01-24 v2.11 Base part for package epstopdf
Package epstopdf-base Info: Redefining graphics rule for `.eps' on input line 4
85.

(C:\Miktex\tex/latex/00miktex\epstopdf-sys.cfg
File: epstopdf-sys.cfg 2021/03/18 v2.0 Configuration of epstopdf for MiKTeX
))
\c@lstlisting=\count306
 [1

{C:/Users/dxhak/AppData/Local/MiKTeX/fonts/map/pdftex/pdftex.map}] (CN.toc)
\tf@toc=\write4
\openout4 = `CN.toc'.

 [2

]
Overfull \hbox (39.86662pt too wide) in paragraph at lines 65--66
[]\T1/cmr/m/n/12 prendere in in-put tre vet-to-ri (a com-po-nen-ti rea-li) [$\O
ML/cmm/m/it/12 x[]; x[]; [] ; x[]$\T1/cmr/m/n/12 ], [$\OML/cmm/m/it/12 y[]; y[]
; [] ; y[]$\T1/cmr/m/n/12 ],
 []


Overfull \hbox (41.41904pt too wide) in paragraph at lines 66--67
\T1/cmr/m/n/12 ni nei pun-ti $\OML/cmm/m/it/12 t[]; [] ; t[]$ \T1/cmr/m/n/12 de
l po-li-no-mio $\OML/cmm/m/it/12 p\OT1/cmr/m/n/12 (\OML/cmm/m/it/12 x\OT1/cmr/m
/n/12 )$ \T1/cmr/m/n/12 in-ter-po-lan-te i da-ti $\OT1/cmr/m/n/12 (\OML/cmm/m/i
t/12 x[]; y[]\OT1/cmr/m/n/12 )\OML/cmm/m/it/12 ; [] ; \OT1/cmr/m/n/12 (\OML/cmm
/m/it/12 x[]; y[]\OT1/cmr/m/n/12 )$\T1/cmr/m/n/12 . 
 []


Overfull \hbox (4.37575pt too wide) in paragraph at lines 84--86
\T1/cmr/m/n/12 d'in-ter-po-la-zio-ne dei da-ti $\OT1/cmr/m/n/12 (\OML/cmm/m/it/
12 h[]; I[]\OT1/cmr/m/n/12 )\OML/cmm/m/it/12 ; \OT1/cmr/m/n/12 (\OML/cmm/m/it/1
2 h[]; I[]\OT1/cmr/m/n/12 )\OML/cmm/m/it/12 ; [] ; \OT1/cmr/m/n/12 (\OML/cmm/m/
it/12 h[]; I[]\OT1/cmr/m/n/12 )$ \T1/cmr/m/n/12 e $\OML/cmm/m/it/12 h[]; h[]; [
] ; h[]$
 []

[3

]
Overfull \hbox (40.6402pt too wide) detected at line 96
\OML/cmm/m/it/12 x[] \OT1/cmr/m/n/12 = 0\OML/cmm/m/it/12 ; x[] \OT1/cmr/m/n/12 
= []\OML/cmm/m/it/12 ; x[] \OT1/cmr/m/n/12 = []\OML/cmm/m/it/12 ; x[] \OT1/cmr/
m/n/12 = []\OML/cmm/m/it/12 ; x[] \OT1/cmr/m/n/12 = []\OML/cmm/m/it/12 ; x[] \O
T1/cmr/m/n/12 = []\OML/cmm/m/it/12 ; x[] \OT1/cmr/m/n/12 = []\OML/cmm/m/it/12 ;
 x[] \OT1/cmr/m/n/12 = []\OML/cmm/m/it/12 ; x[] \OT1/cmr/m/n/12 = 1\OML/cmm/m/i
t/12 :
 []


Overfull \hbox (15.5283pt too wide) in paragraph at lines 117--119
[]\T1/cmr/m/n/12 Costruire una ta-bel-la che ri-por-ti vi-ci-no ad ogni $\OML/c
mm/m/it/12 ^^O \OMS/cmsy/m/n/12 2 f\OT1/cmr/m/n/12 10[]\OML/cmm/m/it/12 ; \OT1/
cmr/m/n/12 10[]\OML/cmm/m/it/12 ; [] ; \OT1/cmr/m/n/12 10[]\OMS/cmsy/m/n/12 g$\
T1/cmr/m/n/12 : 
 []

[4]
Overfull \hbox (2.69292pt too wide) in paragraph at lines 136--138
[]\T1/cmr/m/n/12 Calcolare $\OML/cmm/m/it/12 p\OT1/cmr/m/n/12 (0)$\T1/cmr/m/n/1
2 , do-ve $\OML/cmm/m/it/12 p\OT1/cmr/m/n/12 (\OML/cmm/m/it/12 x\OT1/cmr/m/n/12
 )$ \T1/cmr/m/n/12 è il po-li-no-mio d'in-ter-po-la-zio-ne dei da-ti $\OT1/cmr/
m/n/12 (\OML/cmm/m/it/12 h[]; I[]\OT1/cmr/m/n/12 )\OML/cmm/m/it/12 ; [] 
 []

[5]
<./images//grafico.jpg, id=33, 372.1905pt x 289.68225pt>
File: ./images//grafico.jpg Graphic file (type jpg)
<use ./images//grafico.jpg>
Package pdftex.def Info: ./images//grafico.jpg  used on input line 180.
(pdftex.def)             Requested size: 227.62204pt x 177.16118pt.
 [6 <./images//grafico.jpg>] [7]
Overfull \hbox (3.67001pt too wide) detected at line 265
\OMS/cmsy/m/n/12 ^^@[] \OT1/cmr/m/n/12 + 2 [][] \OML/cmm/m/it/12 e[]x dx \OT1/c
mr/m/n/12 = \OMS/cmsy/m/n/12 ^^@[] \OT1/cmr/m/n/12 + (\OMS/cmsy/m/n/12 ^^@\OT1/
cmr/m/n/12 2\OML/cmm/m/it/12 e[]x\OT1/cmr/m/n/12 )[][] + 2 [][] \OML/cmm/m/it/1
2 e[] dx \OT1/cmr/m/n/12 = \OMS/cmsy/m/n/12 ^^@[] \OT1/cmr/m/n/12 + 2 [][] \OML
/cmm/m/it/12 e[] dx:
 []


Overfull \hbox (40.8835pt too wide) in paragraph at lines 286--288
[]\T1/cmr/m/n/12 Sia $\OML/cmm/m/it/12 p\OT1/cmr/m/n/12 (\OML/cmm/m/it/12 x\OT1
/cmr/m/n/12 )$ \T1/cmr/m/n/12 il po-li-no-mio d'in-ter-po-la-zio-ne dei da-ti $
\OT1/cmr/m/n/12 (\OML/cmm/m/it/12 h[]; I[]\OT1/cmr/m/n/12 )\OML/cmm/m/it/12 ; \
OT1/cmr/m/n/12 (\OML/cmm/m/it/12 h[]; I[]\OT1/cmr/m/n/12 )\OML/cmm/m/it/12 ; \O
T1/cmr/m/n/12 (\OML/cmm/m/it/12 h[]; I[]\OT1/cmr/m/n/12 )\OML/cmm/m/it/12 ; \OT
1/cmr/m/n/12 (\OML/cmm/m/it/12 h[]; I[]\OT1/cmr/m/n/12 )$
 []


Overfull \hbox (5.87161pt too wide) in paragraph at lines 286--288
\T1/cmr/m/n/12 zi $\OML/cmm/m/it/12 I[]; I[]; I[]; I[]$\T1/cmr/m/n/12 . Il va-l
o-re estra-po-la-to $\OML/cmm/m/it/12 p\OT1/cmr/m/n/12 (0)$ \T1/cmr/m/n/12 è ug
ua-le a 0.160602794142805. 
 []

[8] [9] (C:\Miktex\tex/latex/listings\lstlang1.sty
File: lstlang1.sty 2020/03/24 1.8d listings language file
)
LaTeX Font Info:    Trying to load font information for T1+cmtt on input line 3
34.

(C:\Miktex\tex/latex/base\t1cmtt.fd
File: t1cmtt.fd 2019/12/16 v2.5j Standard LaTeX font definitions
) (codes/RuffiniHorner.m) [10

]
(codes/FormulaDeiTrapezi.m) (codes/Estrapolazione.m [11]) (codes/es1/a.m)
(codes/es1/b.m [12]) (codes/es2/a.m) (codes/es2/b.m [13]) (codes/es2/c.m)
(codes/es2/d.m [14]) (codes/es3/a.m) (codes/es3/b.m) [15] (codes/es3/c.m)
(codes/es3/d.m) (codes/es3/e.m [16]) [17] (CN.aux) ) 
Here is how much of TeX's memory you used:
 7533 strings out of 478582
 108771 string characters out of 2860759
 818700 words of memory out of 3000000
 25586 multiletter control sequences out of 15000+600000
 481925 words of font info for 57 fonts, out of 8000000 for 9000
 1141 hyphenation exceptions out of 8191
 55i,11n,74p,353b,1928s stack positions out of 10000i,1000n,20000p,200000b,80000s
 <C:\Users\dxhak\AppData\Lo
cal\MiKTeX\fonts/pk/ljfour/jknappen/ec/dpi600\ectt1000.pk> <C:\Users\dxhak\AppD
ata\Local\MiKTeX\fonts/pk/ljfour/jknappen/ec/dpi600\ecrm0600.pk> <C:\Users\dxha
k\AppData\Local\MiKTeX\fonts/pk/ljfour/jknappen/ec/dpi600\tcrm1200.pk> <C:\User
s\dxhak\AppData\Local\MiKTeX\fonts/pk/ljfour/jknappen/ec/dpi600\ecbx1440.pk> <C
:\Users\dxhak\AppData\Local\MiKTeX\fonts/pk/ljfour/jknappen/ec/dpi600\ecbx1200.
pk> <C:\Users\dxhak\AppData\Local\MiKTeX\fonts/pk/ljfour/jknappen/ec/dpi600\ecb
x1728.pk> <C:\Users\dxhak\AppData\Local\MiKTeX\fonts/pk/ljfour/jknappen/ec/dpi6
00\ecrm1200.pk> <C:\Users\dxhak\AppData\Local\MiKTeX\fonts/pk/ljfour/jknappen/e
c/dpi600\ecrm1440.pk> <C:\Users\dxhak\AppData\Local\MiKTeX\fonts/pk/ljfour/jkna
ppen/ec/dpi600\ecrm2074.pk><C:/Miktex/fonts/type1/public/amsfonts/cm/cmex10.pfb
><C:/Miktex/fonts/type1/public/amsfonts/cm/cmmi12.pfb><C:/Miktex/fonts/type1/pu
blic/amsfonts/cm/cmmi6.pfb><C:/Miktex/fonts/type1/public/amsfonts/cm/cmmi8.pfb>
<C:/Miktex/fonts/type1/public/amsfonts/cm/cmr12.pfb><C:/Miktex/fonts/type1/publ
ic/amsfonts/cm/cmr6.pfb><C:/Miktex/fonts/type1/public/amsfonts/cm/cmr8.pfb><C:/
Miktex/fonts/type1/public/amsfonts/cm/cmsy10.pfb><C:/Miktex/fonts/type1/public/
amsfonts/cm/cmsy8.pfb>
Output written on CN.pdf (17 pages, 258855 bytes).
PDF statistics:
 418 PDF objects out of 1000 (max. 8388607)
 0 named destinations out of 1000 (max. 500000)
 6 words of extra memory for PDF output out of 10000 (max. 10000000)

